\BOOKMARK [1][-]{section.1}{Einleitung}{}% 1
\BOOKMARK [2][-]{subsection.1.1}{Problemstellung}{section.1}% 2
\BOOKMARK [2][-]{subsection.1.2}{Motivation}{section.1}% 3
\BOOKMARK [1][-]{section.2}{Lösungsweg}{}% 4
\BOOKMARK [2][-]{subsection.2.1}{Ausgangslage}{section.2}% 5
\BOOKMARK [2][-]{subsection.2.2}{Vorgehensweise}{section.2}% 6
\BOOKMARK [3][-]{subsubsection.2.2.1}{Entitäten}{subsection.2.2}% 7
\BOOKMARK [3][-]{subsubsection.2.2.2}{Relationen}{subsection.2.2}% 8
\BOOKMARK [3][-]{subsubsection.2.2.3}{RDF\040Export}{subsection.2.2}% 9
\BOOKMARK [1][-]{section.3}{Implementierung}{}% 10
\BOOKMARK [2][-]{subsection.3.1}{Architektur}{section.3}% 11
\BOOKMARK [3][-]{subsubsection.3.1.1}{Erstellung\040des\040Korpus}{subsection.3.1}% 12
\BOOKMARK [3][-]{subsubsection.3.1.2}{Ausgabe\040der\040Revisionen}{subsection.3.1}% 13
\BOOKMARK [3][-]{subsubsection.3.1.3}{Implementierung\040der\040Relationen}{subsection.3.1}% 14
\BOOKMARK [3][-]{subsubsection.3.1.4}{Medaillen}{subsection.3.1}% 15
\BOOKMARK [3][-]{subsubsection.3.1.5}{RDF-Format}{subsection.3.1}% 16
\BOOKMARK [2][-]{subsection.3.2}{Dokumentation}{section.3}% 17
\BOOKMARK [2][-]{subsection.3.3}{Anwenderdokumentation}{section.3}% 18
\BOOKMARK [3][-]{subsubsection.3.3.1}{Ergebnisse}{subsection.3.3}% 19
\BOOKMARK [1][-]{section.4}{Analyse\040des\040erstellten\040Korpus}{}% 20
\BOOKMARK [2][-]{subsection.4.1}{Gesamteindruck}{section.4}% 21
\BOOKMARK [2][-]{subsection.4.2}{Events}{section.4}% 22
\BOOKMARK [3][-]{subsubsection.4.2.1}{Auslosungsverfahren}{subsection.4.2}% 23
\BOOKMARK [3][-]{subsubsection.4.2.2}{Bekanntgabe\040des\040Austragungsortes}{subsection.4.2}% 24
\BOOKMARK [3][-]{subsubsection.4.2.3}{Olympia\040in\040Peking\0402008}{subsection.4.2}% 25
\BOOKMARK [3][-]{subsubsection.4.2.4}{Die\040Jahre\0402010/2011}{subsection.4.2}% 26
\BOOKMARK [1][-]{section.5}{Kontrolle\040des\040RDF-Exports}{}% 27
\BOOKMARK [1][-]{section.6}{Zusammenfassung}{}% 28
